přitáhnout pozornost => привлечь внимание
dát přednost => отдать предпочтение
vrhat stín => бросать тень
brát ohled => принимать внимание
přitáhnout pozornost => привлечь внимание
mít společného => иметь общего
zacházet daleko => заходить далеко
vrhat stín => отбрасывать тень
zacházet daleko => заходить далеко
lámat hlavu => ломать голову
obracet pozornost => обращать внимание
mít společného => иметь общего
mít společného => иметь общего
zůstat pozadu => остаться позади
dělat problém => создавать проблемы
dělat problém => создавать проблемы
číst myšlenky => читать мысли
číst myšlenky => читать мысли
vrhat stín => бросать тень
přitáhnout pozornost => привлечь внимание
mít společného => иметь общего
mít společného => иметь общего
mít společného => иметь общего
mít společného => иметь общего
mít společného => иметь общего
mít společného => иметь общего
mít společného => иметь общего
zacházet daleko => заходить далеко
mít společného => иметь общего
mít něco => иметь что-то
mít společného => иметь общего
vrhat stín => отбрасывать тени
brát ohled => принимать внимание
zacházet daleko => заходить далеко
zacházet daleko => заходить далеко
brát ohled => принимать внимание
mít společného => иметь общего
mávat rukou => махать рукой
mávat rukou => махать рукой
zůstat sám => остаться один
darovat to => подарить алмазную
darovat to => подарить алмазную
lámat hlavu => ломать голову
dělat rozdíly => делать разницы
mít společného => иметь общего
dělat tragédii => делать трагедии
mávat rukou => махать рукой
mávat rukou => махать рукой
strčit nos => сунуть нос
strčit nos => сунуть нос
dělat tragédii => делать трагедии
strčit nos => сунуть нос
strčit nos => сунуть нос
držet krok => держать шаг
dát přednost => отдать предпочтение
dát přednost => отдать предпочтение
mít společného => иметь общего
zůstat sám => остаться один
nastavit tvář => подставить лицо
nastavit tvář => подставить лицо
zůstat sám => остаться одному
zůstat sám => остаться один
číst myšlenky => читать мысли
mít společného => иметь общего
zůstat sám => остаться одному
mít společného => иметь общего
mít společného => иметь общего
mít společného => иметь общего
mít společného => иметь общего
zůstat sám => остаться один
vrhat stín => бросать тень
podat ruku => подать руку
dát přednost => отдать предпочтение
dát přednost => отдать предпочтение
mít společného => иметь общего
dát dítě => подарить ребенка
dát dítě => подарить ребенка
dát dítě => подарить ребенка
číst myšlenky => читать мысли
mít společného => иметь общего
zvedat ruku => поднимать руку
zvedat ruku => поднимать руку
podat ruku => подать руку
podat ruku => подать руку
spouštět oči => спускать глаз
spouštět oči => спускать глаз
dát syna => отдать сына
obracet pozornost => обращать внимание
lámat hlavu => ломать голову
podat ruku => подать руку
nastavit tvář => подставить лицо
nastavit tvář => подставить лицо
mít společného => иметь общего
lámat hlavu => ломать голову
podat ruku => подать руку
lámat hlavu => ломать голову
mít společného => иметь общего
lámat hlavu => ломать голову
lámat hlavu => ломать голову
zůstat sám => остаться наедине
zůstat sám => остаться один
lámat hlavu => ломать голову
lámat hlavu => ломать голову
lámat hlavu => ломать голову
nastavit tvář => подставить лицо
nastavit tvář => подставить лицо
lámat hlavu => ломать голову
nastavit tvář => подставить щеку
nastavit tvář => подставить щеку
lámat hlavu => ломать голову
lámat hlavu => ломать голову
zůstat sám => остаться один
mávat rukou => махать рукой
mávat rukou => махать рукой
vrhat stín => отбрасывать тени
dát dítě => дать ребенку
dát dítě => дать ребенку
dělat závěr => делать выводов
mávat rukou => махать рукой
mávat rukou => махать рукой
změřit pohledem => смерить взглядом
změřit pohledem => смерить взглядом
změřit pohledem => смерить взглядом
strčit nos => сунуть нос
strčit nos => сунуть нос
zůstat sám => остаться сам
zůstat sám => остаться один
lámat hlavu => ломать голову
zůstat sám => остаться один
dát přednost => отдать предпочтение
podat ruku => подать руку
lámat hlavu => ломать голову
lámat hlavu => ломать голову
zůstat sám => остаться один
mít společného => иметь общего
lámat hlavu => ломать голову
lámat hlavu => ломать голову
lámat hlavu => ломать голову
potřásat hlavou => трясти головой
potřásat hlavou => трясти головой
zvedat ruku => поднимать руку
strčit nos => сунуть нос
strčit nos => сунуть нос
mávat rukou => махать рукой
mávat rukou => махать рукой
strčit nos => сунуть нос
strčit nos => сунуть нос
